<?xml version="1.0" encoding="UTF-8"?>
<!-- Generated by org.testng.reporters.JUnitXMLReporter -->
<testsuite ignored="3" hostname="DESKTOP-5JQT96U" failures="0" tests="1" name="EdgeTest" time="12.591" errors="0" timestamp="2025-03-05T19:14:01 IST">
  <testcase classname="testScript.LoginTest" name="verifyUserLoginWithValidUsernameAndValidPassword" time="1.333"/>
  <testcase classname="testScript.LoginTest" name="verifyUserWithValidUsernameAndInvalidPassword" time="0.0">
    <ignored/>
  </testcase> <!-- verifyUserWithValidUsernameAndInvalidPassword -->
  <testcase classname="testScript.LoginTest" name="verifyUserWithInvalidUsernameAndInvalidPassword" time="0.0">
    <ignored/>
  </testcase> <!-- verifyUserWithInvalidUsernameAndInvalidPassword -->
  <testcase classname="testScript.LoginTest" name="verifyUserLoginWithInvalidUsernameAndValidPassword" time="0.0">
    <ignored/>
  </testcase> <!-- verifyUserLoginWithInvalidUsernameAndValidPassword -->
</testsuite> <!-- EdgeTest -->
