<?xml version="1.0" encoding="UTF-8"?>
<testng-results ignored="0" total="1" passed="1" failed="0" skipped="0">
  <reporter-output>
  </reporter-output>
  <suite started-at="2025-03-06T11:10:34 IST" name="Suite" finished-at="2025-03-06T11:10:41 IST" duration-ms="7312">
    <groups>
    </groups>
    <test started-at="2025-03-06T11:10:34 IST" name="Test" finished-at="2025-03-06T11:10:41 IST" duration-ms="7312">
      <class name="testScript.HomeTest">
        <test-method is-config="true" signature="initializeBrowser(java.lang.String)[pri:0, instance:testScript.HomeTest@7ce026d3]" started-at="2025-03-06T11:10:34 IST" name="initializeBrowser" finished-at="2025-03-06T11:10:37 IST" duration-ms="3641" status="PASS">
          <params>
            <param index="0">
              <value>
                <![CDATA[chrome]]>
              </value>
            </param>
          </params>
          <reporter-output>
          </reporter-output>
        </test-method> <!-- initializeBrowser -->
        <test-method signature="verifyIsUserAbleToLogout()[pri:0, instance:testScript.HomeTest@7ce026d3]" started-at="2025-03-06T11:10:37 IST" name="verifyIsUserAbleToLogout" description="Verification of User is able to logout from the application" finished-at="2025-03-06T11:10:41 IST" duration-ms="3565" status="PASS">
          <reporter-output>
          </reporter-output>
        </test-method> <!-- verifyIsUserAbleToLogout -->
        <test-method is-config="true" signature="driverQuit(org.testng.ITestResult)[pri:0, instance:testScript.HomeTest@7ce026d3]" started-at="2025-03-06T11:10:41 IST" name="driverQuit" finished-at="2025-03-06T11:10:41 IST" duration-ms="3" status="PASS">
          <params>
            <param index="0">
              <value>
                <![CDATA[[TestResult name=verifyIsUserAbleToLogout status=SUCCESS method=HomeTest.verifyIsUserAbleToLogout()[pri:0, instance:testScript.HomeTest@7ce026d3] output={null}]]]>
              </value>
            </param>
          </params>
          <reporter-output>
          </reporter-output>
        </test-method> <!-- driverQuit -->
      </class> <!-- testScript.HomeTest -->
    </test> <!-- Test -->
  </suite> <!-- Suite -->
</testng-results>
